[2021-07-07 10:41:06] INFO org.hibernate.validator.internal.util.Version(Version.java:21) - HV000001: Hibernate Validator 6.2.0.Final
[2021-07-07 10:41:06] INFO com.kakaoenterprise.KakaoenterpriseApplication(StartupInfoLogger.java:55) - Starting KakaoenterpriseApplication using Java 12.0.1 on DESKTOP-KS7EDTS with PID 6292 (C:\Users\User1\git\kakaoenterprise\kakaoenterprise\target\classes started by User1 in C:\Users\User1\git\kakaoenterprise\kakaoenterprise)
[2021-07-07 10:41:06] INFO com.kakaoenterprise.KakaoenterpriseApplication(SpringApplication.java:659) - No active profile set, falling back to default profiles: default
[2021-07-07 10:41:10] WARN org.springframework.boot.actuate.endpoint.EndpointId(EndpointId.java:155) - Endpoint ID 'stream-circuitbreaker-events' contains invalid characters, please migrate to a valid format.
[2021-07-07 10:41:10] WARN org.springframework.boot.actuate.endpoint.EndpointId(EndpointId.java:155) - Endpoint ID 'hystrix-stream-circuitbreaker-events' contains invalid characters, please migrate to a valid format.
[2021-07-07 10:41:11] INFO org.springframework.data.repository.config.RepositoryConfigurationDelegate(RepositoryConfigurationDelegate.java:262) - Multiple Spring Data modules found, entering strict repository configuration mode!
[2021-07-07 10:41:11] INFO org.springframework.data.repository.config.RepositoryConfigurationDelegate(RepositoryConfigurationDelegate.java:132) - Bootstrapping Spring Data JPA repositories in DEFAULT mode.
[2021-07-07 10:41:11] INFO org.springframework.data.repository.config.RepositoryConfigurationDelegate(RepositoryConfigurationDelegate.java:201) - Finished Spring Data repository scanning in 511 ms. Found 1 JPA repository interfaces.
[2021-07-07 10:41:11] INFO org.springframework.data.repository.config.RepositoryConfigurationDelegate(RepositoryConfigurationDelegate.java:262) - Multiple Spring Data modules found, entering strict repository configuration mode!
[2021-07-07 10:41:11] INFO org.springframework.data.repository.config.RepositoryConfigurationDelegate(RepositoryConfigurationDelegate.java:132) - Bootstrapping Spring Data Redis repositories in DEFAULT mode.
[2021-07-07 10:41:11] INFO org.springframework.data.repository.config.RepositoryConfigurationExtensionSupport(RepositoryConfigurationExtensionSupport.java:349) - Spring Data Redis - Could not safely identify store assignment for repository candidate interface com.kakaoenterprise.web.repository.UserRepository. If you want this repository to be a Redis repository, consider annotating your entities with one of these annotations: org.springframework.data.redis.core.RedisHash (preferred), or consider extending one of the following types with your repository: org.springframework.data.keyvalue.repository.KeyValueRepository.
[2021-07-07 10:41:11] INFO org.springframework.data.repository.config.RepositoryConfigurationDelegate(RepositoryConfigurationDelegate.java:201) - Finished Spring Data repository scanning in 36 ms. Found 0 Redis repository interfaces.
[2021-07-07 10:41:15] INFO org.springframework.boot.web.embedded.tomcat.TomcatWebServer(TomcatWebServer.java:108) - Tomcat initialized with port(s): 8082 (http)
[2021-07-07 10:41:15] INFO org.apache.coyote.http11.Http11NioProtocol(DirectJDKLog.java:173) - Initializing ProtocolHandler ["http-nio-8082"]
[2021-07-07 10:41:15] INFO org.apache.catalina.core.StandardService(DirectJDKLog.java:173) - Starting service [Tomcat]
[2021-07-07 10:41:15] INFO org.apache.catalina.core.StandardEngine(DirectJDKLog.java:173) - Starting Servlet engine: [Apache Tomcat/9.0.48]
[2021-07-07 10:41:16] INFO org.apache.catalina.core.ContainerBase.[Tomcat].[localhost].[/](DirectJDKLog.java:173) - Initializing Spring embedded WebApplicationContext
[2021-07-07 10:41:16] INFO org.springframework.boot.web.servlet.context.ServletWebServerApplicationContext(ServletWebServerApplicationContext.java:290) - Root WebApplicationContext: initialization completed in 9330 ms
[2021-07-07 10:41:18] INFO org.hibernate.jpa.internal.util.LogHelper(LogHelper.java:31) - HHH000204: Processing PersistenceUnitInfo [name: default]
[2021-07-07 10:41:18] INFO org.hibernate.Version(Version.java:44) - HHH000412: Hibernate ORM core version 5.4.32.Final
[2021-07-07 10:41:19] INFO org.hibernate.annotations.common.Version(JavaReflectionManager.java:56) - HCANN000001: Hibernate Commons Annotations {5.1.2.Final}
[2021-07-07 10:41:19] INFO com.zaxxer.hikari.HikariDataSource(HikariDataSource.java:110) - HikariPool-1 - Starting...
[2021-07-07 10:41:20] INFO com.zaxxer.hikari.HikariDataSource(HikariDataSource.java:123) - HikariPool-1 - Start completed.
[2021-07-07 10:41:20] INFO org.hibernate.dialect.Dialect(Dialect.java:175) - HHH000400: Using dialect: org.hibernate.dialect.MySQL8Dialect
[2021-07-07 10:41:22] INFO org.hibernate.engine.transaction.jta.platform.internal.JtaPlatformInitiator(JtaPlatformInitiator.java:52) - HHH000490: Using JtaPlatform implementation: [org.hibernate.engine.transaction.jta.platform.internal.NoJtaPlatform]
[2021-07-07 10:41:22] INFO org.springframework.orm.jpa.LocalContainerEntityManagerFactoryBean(AbstractEntityManagerFactoryBean.java:437) - Initialized JPA EntityManagerFactory for persistence unit 'default'
[2021-07-07 10:41:26] INFO org.springframework.boot.actuate.endpoint.web.EndpointLinksResolver(EndpointLinksResolver.java:58) - Exposing 1 endpoint(s) beneath base path '/actuator'
[2021-07-07 10:41:29] INFO springfox.documentation.spring.web.PropertySourcedRequestMappingHandlerMapping(PropertySourcedRequestMappingHandlerMapping.java:69) - Mapped URL path [/v2/api-docs] onto method [springfox.documentation.swagger2.web.Swagger2Controller#getDocumentation(String, HttpServletRequest)]
[2021-07-07 10:41:30] INFO org.apache.coyote.http11.Http11NioProtocol(DirectJDKLog.java:173) - Starting ProtocolHandler ["http-nio-8082"]
[2021-07-07 10:41:30] INFO org.springframework.boot.web.embedded.tomcat.TomcatWebServer(TomcatWebServer.java:220) - Tomcat started on port(s): 8082 (http) with context path ''
[2021-07-07 10:41:30] INFO springfox.documentation.spring.web.plugins.DocumentationPluginsBootstrapper(DocumentationPluginsBootstrapper.java:160) - Context refreshed
[2021-07-07 10:41:30] INFO springfox.documentation.spring.web.plugins.DocumentationPluginsBootstrapper(DocumentationPluginsBootstrapper.java:163) - Found 1 custom documentation plugin(s)
[2021-07-07 10:41:30] INFO springfox.documentation.spring.web.scanners.ApiListingReferenceScanner(ApiListingReferenceScanner.java:41) - Scanning for api listing references
[2021-07-07 10:41:31] INFO org.springframework.scheduling.annotation.ScheduledAnnotationBeanPostProcessor(ScheduledAnnotationBeanPostProcessor.java:309) - No TaskScheduler/ScheduledExecutorService bean found for scheduled processing
[2021-07-07 10:41:31] INFO com.kakaoenterprise.KakaoenterpriseApplication(StartupInfoLogger.java:61) - Started KakaoenterpriseApplication in 26.199 seconds (JVM running for 27.61)
[2021-07-07 10:42:04] INFO org.apache.catalina.core.ContainerBase.[Tomcat].[localhost].[/](DirectJDKLog.java:173) - Initializing Spring DispatcherServlet 'dispatcherServlet'
[2021-07-07 10:42:04] INFO org.springframework.web.servlet.DispatcherServlet(FrameworkServlet.java:525) - Initializing Servlet 'dispatcherServlet'
[2021-07-07 10:42:04] INFO org.springframework.web.servlet.DispatcherServlet(FrameworkServlet.java:547) - Completed initialization in 3 ms
[2021-07-07 10:42:04] INFO com.kakaoenterprise.interceptor.LoggingInterceptor(LoggingInterceptor.java:66) - {'INT_REQ':{http_method=GET, params={size=10, domain=, page=0, agerange=}, heder={sec-fetch-mode=cors, referer=http://localhost:8082/user/userlist.html, sec-fetch-site=same-origin, accept-language=ko-KR,ko;q=0.9,en-US;q=0.8,en;q=0.7, cookie=jenkins-timestamper-offset=-32400000; ACEGI_SECURITY_HASHED_REMEMBER_ME_COOKIE=dGVzdDoxNjI2NjA0ODY2MTYzOjQyYTgzMDY3ZTY0OTQ0YWExMzUyNGY0ZjZiMWZlYTI4MGE1ZDYzMmU2YThjMWUxZjJmNWI3NWIwZWNhZWRlMzQ=; screenResolution=1920x1080; JSESSIONID.a6e04af1=node0ecadb0ikwqg01afo89i5jf8fy7.node0; SESSION=ZDk5MWU4M2ItMDRjNy00NWJiLWFhY2QtZTk3M2M2ZTIzZTgw, accept=application/json, text/plain, */*, LOGKEY=6859d1f4-4b4c-4f21-af86-68f0790b926b, sec-ch-ua=" Not;A Brand";v="99", "Google Chrome";v="91", "Chromium";v="91", sec-ch-ua-mobile=?0, host=localhost:8082, connection=keep-alive, accept-encoding=gzip, deflate, br, user-agent=Mozilla/5.0 (Windows NT 10.0; Win64; x64) AppleWebKit/537.36 (KHTML, like Gecko) Chrome/91.0.4472.124 Safari/537.36, sec-fetch-dest=empty}, body=, request_uri=/api/v1/users}}
[2021-07-07 10:42:04] INFO com.kakaoenterprise.aspect.LoggerAspect(LoggerAspect.java:62) - {'INT_REQ_PROC':'{controller=UserController, http_method=GET, method=list, runtime=169, params={size=10, domain=, page=0, agerange=}, heder={sec-fetch-mode=cors, referer=http://localhost:8082/user/userlist.html, sec-fetch-site=same-origin, accept-language=ko-KR,ko;q=0.9,en-US;q=0.8,en;q=0.7, cookie=jenkins-timestamper-offset=-32400000; ACEGI_SECURITY_HASHED_REMEMBER_ME_COOKIE=dGVzdDoxNjI2NjA0ODY2MTYzOjQyYTgzMDY3ZTY0OTQ0YWExMzUyNGY0ZjZiMWZlYTI4MGE1ZDYzMmU2YThjMWUxZjJmNWI3NWIwZWNhZWRlMzQ=; screenResolution=1920x1080; JSESSIONID.a6e04af1=node0ecadb0ikwqg01afo89i5jf8fy7.node0; SESSION=ZDk5MWU4M2ItMDRjNy00NWJiLWFhY2QtZTk3M2M2ZTIzZTgw, accept=application/json, text/plain, */*, sec-ch-ua=" Not;A Brand";v="99", "Google Chrome";v="91", "Chromium";v="91", sec-ch-ua-mobile=?0, host=localhost:8082, connection=keep-alive, accept-encoding=gzip, deflate, br, user-agent=Mozilla/5.0 (Windows NT 10.0; Win64; x64) AppleWebKit/537.36 (KHTML, like Gecko) Chrome/91.0.4472.124 Safari/537.36, sec-fetch-dest=empty}, request_uri=/api/v1/users}' }
[2021-07-07 10:42:04] INFO com.kakaoenterprise.interceptor.LoggingInterceptor(LoggingInterceptor.java:99) - {'INT_RES':{http_method=GET, params={size=10, domain=, page=0, agerange=}, body={"content":[{"id":3,"nickname":"3","email":"3","agerange":"20~29","snsid":"3","sysid":"LOCAL"},{"id":4,"nickname":"4","email":"4","agerange":"20~29","snsid":"4","sysid":"LOCAL"},{"id":5,"nickname":"5","email":"5","agerange":"20~29","snsid":"5","sysid":"LOCAL"},{"id":6,"nickname":"6","email":"6","agerange":"20~29","snsid":"6","sysid":"LOCAL"},{"id":7,"nickname":"7","email":"7","agerange":"20~29","snsid":"7","sysid":"LOCAL"},{"id":8,"nickname":"8","email":"8","agerange":"20~29","snsid":"8","sysid":"LOCAL"},{"id":9,"nickname":"9","email":"9","agerange":"20~29","snsid":"9","sysid":"LOCAL"},{"id":13,"nickname":"11","email":"11","agerange":"20~29","snsid":"11","sysid":"LOCAL"},{"id":14,"nickname":"12","email":"13","agerange":"20~29","snsid":"12","sysid":"LOCAL"},{"id":24,"nickname":"조선우","email":"blueballpen@hanmail.net","agerange":"40~49","snsid":"조선우","sysid":"Kakao"}],"pageable":{"sort":{"unsorted":false,"sorted":true,"empty":false},"offset":0,"pageSize":10,"pageNumber":0,"unpaged":false,"paged":true},"last":true,"totalPages":1,"totalElements":10,"number":0,"size":10,"sort":{"unsorted":false,"sorted":true,"empty":false},"first":true,"numberOfElements":10,"empty":false}, request_uri=/api/v1/users, status=200}}
